{"uuid":"1d12b606-3191-4124-9174-a280f74cbd22","historyId":"8cdc3736ea03e19d1f2f62d84b55e813","fullName":"sumo.qa.testcases.FrontpageTest.GlemtPassordLink_Click_Test","labels":[{"name":"package","value":"sumo.qa.testcases.FrontpageTest"},{"name":"testClass","value":"sumo.qa.testcases.FrontpageTest"},{"name":"testMethod","value":"GlemtPassordLink_Click_Test"},{"name":"parentSuite","value":"TV 2 Sumo Automation Test Suite"},{"name":"suite","value":"TV 2 sumo Test Cases"},{"name":"subSuite","value":"sumo.qa.testcases.FrontpageTest"},{"name":"host","value":"PC7425"},{"name":"thread","value":"19060@PC7425.TestNG-test=TV 2 sumo Test Cases-2(33)"},{"name":"feature","value":"forget pass link- checking"},{"name":"story","value":"positive testcase"},{"name":"severity","value":"blocker"}],"links":[],"name":"Glemte pass","status":"failed","statusDetails":{"known":false,"muted":false,"flaky":false,"message":"Glemt Passordlink is not working expected [Få passord123] but found [Få passord]","trace":"java.lang.AssertionError: Glemt Passordlink is not working expected [Få passord123] but found [Få passord]\r\n\tat org.testng.Assert.fail(Assert.java:96)\r\n\tat org.testng.Assert.failNotEquals(Assert.java:776)\r\n\tat org.testng.Assert.assertEqualsImpl(Assert.java:137)\r\n\tat org.testng.Assert.assertEquals(Assert.java:118)\r\n\tat org.testng.Assert.assertEquals(Assert.java:453)\r\n\tat sumo.qa.testcases.FrontpageTest.GlemtPassordLink_Click_Test_aroundBody2(FrontpageTest.java:104)\r\n\tat sumo.qa.testcases.FrontpageTest$AjcClosure3.run(FrontpageTest.java:1)\r\n\tat org.aspectj.runtime.reflect.JoinPointImpl.proceed(JoinPointImpl.java:149)\r\n\tat io.qameta.allure.aspects.StepsAspects.step(StepsAspects.java:51)\r\n\tat sumo.qa.testcases.FrontpageTest.GlemtPassordLink_Click_Test(FrontpageTest.java:103)\r\n\tat sun.reflect.NativeMethodAccessorImpl.invoke0(Native Method)\r\n\tat sun.reflect.NativeMethodAccessorImpl.invoke(NativeMethodAccessorImpl.java:62)\r\n\tat sun.reflect.DelegatingMethodAccessorImpl.invoke(DelegatingMethodAccessorImpl.java:43)\r\n\tat java.lang.reflect.Method.invoke(Method.java:498)\r\n\tat org.testng.internal.MethodInvocationHelper.invokeMethod(MethodInvocationHelper.java:124)\r\n\tat org.testng.internal.Invoker.invokeMethod(Invoker.java:580)\r\n\tat org.testng.internal.Invoker.invokeTestMethod(Invoker.java:716)\r\n\tat org.testng.internal.Invoker.invokeTestMethods(Invoker.java:988)\r\n\tat org.testng.internal.TestMethodWorker.invokeTestMethods(TestMethodWorker.java:125)\r\n\tat org.testng.internal.TestMethodWorker.run(TestMethodWorker.java:109)\r\n\tat java.util.concurrent.ThreadPoolExecutor.runWorker(ThreadPoolExecutor.java:1149)\r\n\tat java.util.concurrent.ThreadPoolExecutor$Worker.run(ThreadPoolExecutor.java:624)\r\n\tat java.lang.Thread.run(Thread.java:748)\r\n"},"stage":"finished","description":"This method is checking if the foget password links works fine","start":1576057409352,"stop":1576057411023,"steps":[{"name":"Test body.....","status":"failed","statusDetails":{"known":false,"muted":false,"flaky":false,"message":"Glemt Passordlink is not working expected [Få passord123] but found [Få passord]","trace":"java.lang.AssertionError: Glemt Passordlink is not working expected [Få passord123] but found [Få passord]\r\n\tat org.testng.Assert.fail(Assert.java:96)\r\n\tat org.testng.Assert.failNotEquals(Assert.java:776)\r\n\tat org.testng.Assert.assertEqualsImpl(Assert.java:137)\r\n\tat org.testng.Assert.assertEquals(Assert.java:118)\r\n\tat org.testng.Assert.assertEquals(Assert.java:453)\r\n\tat sumo.qa.testcases.FrontpageTest.GlemtPassordLink_Click_Test_aroundBody2(FrontpageTest.java:104)\r\n\tat sumo.qa.testcases.FrontpageTest$AjcClosure3.run(FrontpageTest.java:1)\r\n\tat org.aspectj.runtime.reflect.JoinPointImpl.proceed(JoinPointImpl.java:149)\r\n\tat io.qameta.allure.aspects.StepsAspects.step(StepsAspects.java:51)\r\n\tat sumo.qa.testcases.FrontpageTest.GlemtPassordLink_Click_Test(FrontpageTest.java:103)\r\n\tat sun.reflect.NativeMethodAccessorImpl.invoke0(Native Method)\r\n\tat sun.reflect.NativeMethodAccessorImpl.invoke(NativeMethodAccessorImpl.java:62)\r\n\tat sun.reflect.DelegatingMethodAccessorImpl.invoke(DelegatingMethodAccessorImpl.java:43)\r\n\tat java.lang.reflect.Method.invoke(Method.java:498)\r\n\tat org.testng.internal.MethodInvocationHelper.invokeMethod(MethodInvocationHelper.java:124)\r\n\tat org.testng.internal.Invoker.invokeMethod(Invoker.java:580)\r\n\tat org.testng.internal.Invoker.invokeTestMethod(Invoker.java:716)\r\n\tat org.testng.internal.Invoker.invokeTestMethods(Invoker.java:988)\r\n\tat org.testng.internal.TestMethodWorker.invokeTestMethods(TestMethodWorker.java:125)\r\n\tat org.testng.internal.TestMethodWorker.run(TestMethodWorker.java:109)\r\n\tat java.util.concurrent.ThreadPoolExecutor.runWorker(ThreadPoolExecutor.java:1149)\r\n\tat java.util.concurrent.ThreadPoolExecutor$Worker.run(ThreadPoolExecutor.java:624)\r\n\tat java.lang.Thread.run(Thread.java:748)\r\n"},"stage":"finished","start":1576057409352,"stop":1576057410388}],"attachments":[{"name":"saveFailureScreenShot","source":"d26411dc-654a-47f3-abb8-d380a732cb4f-attachment"},{"name":"GlemtPassordLink_Click_Test failed and screenshot taken!!!!!!!!!!!","source":"6989363b-b812-44a5-ae63-3726a249cc04-attachment","type":"text/plain"}],"parameters":[]}