{"uuid":"501bc8a0-b44b-4fae-b458-581c5a7c90d2","historyId":"82d57359af20e51b81897f19b8cff4cc","fullName":"sumo.qa.testcases.FrontpageTest.SumoLogo_Click_Test","labels":[{"name":"package","value":"sumo.qa.testcases.FrontpageTest"},{"name":"testClass","value":"sumo.qa.testcases.FrontpageTest"},{"name":"testMethod","value":"SumoLogo_Click_Test"},{"name":"parentSuite","value":"Default suite"},{"name":"suite","value":"Default test"},{"name":"subSuite","value":"sumo.qa.testcases.FrontpageTest"},{"name":"host","value":"PC7425"},{"name":"thread","value":"7636@PC7425.main(1)"}],"links":[],"name":"SumoLogo_Click_Test","status":"broken","statusDetails":{"known":false,"muted":false,"flaky":false,"message":"Expected condition failed: waiting for url to be \"https://sumo.tv2.no/\". Current url: \"https://sumo.tv2.no/serier\" (tried for 20 second(s) with 500 milliseconds interval)\nBuild info: version: '3.141.59', revision: 'e82be7d358', time: '2018-11-14T08:17:03'\nSystem info: host: 'PC7425', ip: '192.168.86.45', os.name: 'Windows 10', os.arch: 'amd64', os.version: '10.0', java.version: '11.0.3'\nDriver info: org.openqa.selenium.chrome.ChromeDriver\nCapabilities {acceptInsecureCerts: false, browserName: chrome, browserVersion: 78.0.3904.108, chrome: {chromedriverVersion: 78.0.3904.105 (60e2d8774a81..., userDataDir: C:\\Users\\speriy\\AppData\\Loc...}, goog:chromeOptions: {debuggerAddress: localhost:53056}, javascriptEnabled: true, networkConnectionEnabled: false, pageLoadStrategy: normal, platform: XP, platformName: XP, proxy: Proxy(), setWindowRect: true, strictFileInteractability: false, timeouts: {implicit: 0, pageLoad: 300000, script: 30000}, unhandledPromptBehavior: dismiss and notify}\nSession ID: d373b8474e0f3e71b5b11dcae01d3dd8","trace":"org.openqa.selenium.TimeoutException: Expected condition failed: waiting for url to be \"https://sumo.tv2.no/\". Current url: \"https://sumo.tv2.no/serier\" (tried for 20 second(s) with 500 milliseconds interval)\nBuild info: version: '3.141.59', revision: 'e82be7d358', time: '2018-11-14T08:17:03'\nSystem info: host: 'PC7425', ip: '192.168.86.45', os.name: 'Windows 10', os.arch: 'amd64', os.version: '10.0', java.version: '11.0.3'\nDriver info: org.openqa.selenium.chrome.ChromeDriver\nCapabilities {acceptInsecureCerts: false, browserName: chrome, browserVersion: 78.0.3904.108, chrome: {chromedriverVersion: 78.0.3904.105 (60e2d8774a81..., userDataDir: C:\\Users\\speriy\\AppData\\Loc...}, goog:chromeOptions: {debuggerAddress: localhost:53056}, javascriptEnabled: true, networkConnectionEnabled: false, pageLoadStrategy: normal, platform: XP, platformName: XP, proxy: Proxy(), setWindowRect: true, strictFileInteractability: false, timeouts: {implicit: 0, pageLoad: 300000, script: 30000}, unhandledPromptBehavior: dismiss and notify}\nSession ID: d373b8474e0f3e71b5b11dcae01d3dd8\r\n\tat org.openqa.selenium.support.ui.WebDriverWait.timeoutException(WebDriverWait.java:95)\r\n\tat org.openqa.selenium.support.ui.FluentWait.until(FluentWait.java:272)\r\n\tat sumo.qa.testcases.FrontpageTest.SumoLogo_Click_Test_aroundBody0(FrontpageTest.java:144)\r\n\tat sumo.qa.testcases.FrontpageTest$AjcClosure1.run(FrontpageTest.java:1)\r\n\tat org.aspectj.runtime.reflect.JoinPointImpl.proceed(JoinPointImpl.java:149)\r\n\tat io.qameta.allure.aspects.StepsAspects.step(StepsAspects.java:51)\r\n\tat sumo.qa.testcases.FrontpageTest.SumoLogo_Click_Test(FrontpageTest.java:142)\r\n\tat java.base/jdk.internal.reflect.NativeMethodAccessorImpl.invoke0(Native Method)\r\n\tat java.base/jdk.internal.reflect.NativeMethodAccessorImpl.invoke(NativeMethodAccessorImpl.java:62)\r\n\tat java.base/jdk.internal.reflect.DelegatingMethodAccessorImpl.invoke(DelegatingMethodAccessorImpl.java:43)\r\n\tat java.base/java.lang.reflect.Method.invoke(Method.java:566)\r\n\tat org.testng.internal.MethodInvocationHelper.invokeMethod(MethodInvocationHelper.java:124)\r\n\tat org.testng.internal.Invoker.invokeMethod(Invoker.java:580)\r\n\tat org.testng.internal.Invoker.invokeTestMethod(Invoker.java:716)\r\n\tat org.testng.internal.Invoker.invokeTestMethods(Invoker.java:988)\r\n\tat org.testng.internal.TestMethodWorker.invokeTestMethods(TestMethodWorker.java:125)\r\n\tat org.testng.internal.TestMethodWorker.run(TestMethodWorker.java:109)\r\n\tat org.testng.TestRunner.privateRun(TestRunner.java:648)\r\n\tat org.testng.TestRunner.run(TestRunner.java:505)\r\n\tat org.testng.SuiteRunner.runTest(SuiteRunner.java:455)\r\n\tat org.testng.SuiteRunner.runSequentially(SuiteRunner.java:450)\r\n\tat org.testng.SuiteRunner.privateRun(SuiteRunner.java:415)\r\n\tat org.testng.SuiteRunner.run(SuiteRunner.java:364)\r\n\tat org.testng.SuiteRunnerWorker.runSuite(SuiteRunnerWorker.java:52)\r\n\tat org.testng.SuiteRunnerWorker.run(SuiteRunnerWorker.java:84)\r\n\tat org.testng.TestNG.runSuitesSequentially(TestNG.java:1208)\r\n\tat org.testng.TestNG.runSuitesLocally(TestNG.java:1137)\r\n\tat org.testng.TestNG.runSuites(TestNG.java:1049)\r\n\tat org.testng.TestNG.run(TestNG.java:1017)\r\n\tat org.testng.remote.AbstractRemoteTestNG.run(AbstractRemoteTestNG.java:115)\r\n\tat org.testng.remote.RemoteTestNG.initAndRun(RemoteTestNG.java:251)\r\n\tat org.testng.remote.RemoteTestNG.main(RemoteTestNG.java:77)\r\n"},"stage":"finished","start":1576151948531,"stop":1576151971225,"steps":[{"name":"Test body.....","status":"broken","statusDetails":{"known":false,"muted":false,"flaky":false,"message":"Expected condition failed: waiting for url to be \"https://sumo.tv2.no/\". Current url: \"https://sumo.tv2.no/serier\" (tried for 20 second(s) with 500 milliseconds interval)\nBuild info: version: '3.141.59', revision: 'e82be7d358', time: '2018-11-14T08:17:03'\nSystem info: host: 'PC7425', ip: '192.168.86.45', os.name: 'Windows 10', os.arch: 'amd64', os.version: '10.0', java.version: '11.0.3'\nDriver info: org.openqa.selenium.chrome.ChromeDriver\nCapabilities {acceptInsecureCerts: false, browserName: chrome, browserVersion: 78.0.3904.108, chrome: {chromedriverVersion: 78.0.3904.105 (60e2d8774a81..., userDataDir: C:\\Users\\speriy\\AppData\\Loc...}, goog:chromeOptions: {debuggerAddress: localhost:53056}, javascriptEnabled: true, networkConnectionEnabled: false, pageLoadStrategy: normal, platform: XP, platformName: XP, proxy: Proxy(), setWindowRect: true, strictFileInteractability: false, timeouts: {implicit: 0, pageLoad: 300000, script: 30000}, unhandledPromptBehavior: dismiss and notify}\nSession ID: d373b8474e0f3e71b5b11dcae01d3dd8","trace":"org.openqa.selenium.TimeoutException: Expected condition failed: waiting for url to be \"https://sumo.tv2.no/\". Current url: \"https://sumo.tv2.no/serier\" (tried for 20 second(s) with 500 milliseconds interval)\nBuild info: version: '3.141.59', revision: 'e82be7d358', time: '2018-11-14T08:17:03'\nSystem info: host: 'PC7425', ip: '192.168.86.45', os.name: 'Windows 10', os.arch: 'amd64', os.version: '10.0', java.version: '11.0.3'\nDriver info: org.openqa.selenium.chrome.ChromeDriver\nCapabilities {acceptInsecureCerts: false, browserName: chrome, browserVersion: 78.0.3904.108, chrome: {chromedriverVersion: 78.0.3904.105 (60e2d8774a81..., userDataDir: C:\\Users\\speriy\\AppData\\Loc...}, goog:chromeOptions: {debuggerAddress: localhost:53056}, javascriptEnabled: true, networkConnectionEnabled: false, pageLoadStrategy: normal, platform: XP, platformName: XP, proxy: Proxy(), setWindowRect: true, strictFileInteractability: false, timeouts: {implicit: 0, pageLoad: 300000, script: 30000}, unhandledPromptBehavior: dismiss and notify}\nSession ID: d373b8474e0f3e71b5b11dcae01d3dd8\r\n\tat org.openqa.selenium.support.ui.WebDriverWait.timeoutException(WebDriverWait.java:95)\r\n\tat org.openqa.selenium.support.ui.FluentWait.until(FluentWait.java:272)\r\n\tat sumo.qa.testcases.FrontpageTest.SumoLogo_Click_Test_aroundBody0(FrontpageTest.java:144)\r\n\tat sumo.qa.testcases.FrontpageTest$AjcClosure1.run(FrontpageTest.java:1)\r\n\tat org.aspectj.runtime.reflect.JoinPointImpl.proceed(JoinPointImpl.java:149)\r\n\tat io.qameta.allure.aspects.StepsAspects.step(StepsAspects.java:51)\r\n\tat sumo.qa.testcases.FrontpageTest.SumoLogo_Click_Test(FrontpageTest.java:142)\r\n\tat java.base/jdk.internal.reflect.NativeMethodAccessorImpl.invoke0(Native Method)\r\n\tat java.base/jdk.internal.reflect.NativeMethodAccessorImpl.invoke(NativeMethodAccessorImpl.java:62)\r\n\tat java.base/jdk.internal.reflect.DelegatingMethodAccessorImpl.invoke(DelegatingMethodAccessorImpl.java:43)\r\n\tat java.base/java.lang.reflect.Method.invoke(Method.java:566)\r\n\tat org.testng.internal.MethodInvocationHelper.invokeMethod(MethodInvocationHelper.java:124)\r\n\tat org.testng.internal.Invoker.invokeMethod(Invoker.java:580)\r\n\tat org.testng.internal.Invoker.invokeTestMethod(Invoker.java:716)\r\n\tat org.testng.internal.Invoker.invokeTestMethods(Invoker.java:988)\r\n\tat org.testng.internal.TestMethodWorker.invokeTestMethods(TestMethodWorker.java:125)\r\n\tat org.testng.internal.TestMethodWorker.run(TestMethodWorker.java:109)\r\n\tat org.testng.TestRunner.privateRun(TestRunner.java:648)\r\n\tat org.testng.TestRunner.run(TestRunner.java:505)\r\n\tat org.testng.SuiteRunner.runTest(SuiteRunner.java:455)\r\n\tat org.testng.SuiteRunner.runSequentially(SuiteRunner.java:450)\r\n\tat org.testng.SuiteRunner.privateRun(SuiteRunner.java:415)\r\n\tat org.testng.SuiteRunner.run(SuiteRunner.java:364)\r\n\tat org.testng.SuiteRunnerWorker.runSuite(SuiteRunnerWorker.java:52)\r\n\tat org.testng.SuiteRunnerWorker.run(SuiteRunnerWorker.java:84)\r\n\tat org.testng.TestNG.runSuitesSequentially(TestNG.java:1208)\r\n\tat org.testng.TestNG.runSuitesLocally(TestNG.java:1137)\r\n\tat org.testng.TestNG.runSuites(TestNG.java:1049)\r\n\tat org.testng.TestNG.run(TestNG.java:1017)\r\n\tat org.testng.remote.AbstractRemoteTestNG.run(AbstractRemoteTestNG.java:115)\r\n\tat org.testng.remote.RemoteTestNG.initAndRun(RemoteTestNG.java:251)\r\n\tat org.testng.remote.RemoteTestNG.main(RemoteTestNG.java:77)\r\n"},"stage":"finished","start":1576151948603,"stop":1576151969542}],"attachments":[{"name":"saveFailureScreenShot","source":"fe714c78-22c4-4b01-b473-b98fd54d0293-attachment"},{"name":"SumoLogo_Click_Test failed and screenshot taken!!!!!!!!!!!","source":"a0acde7e-30c6-42db-8418-ffe319571a81-attachment","type":"text/plain"}],"parameters":[]}