<?xml version="1.0" encoding="UTF-8"?>
<testsuite xmlns:xsi="http://www.w3.org/2001/XMLSchema-instance" xsi:noNamespaceSchemaLocation="https://maven.apache.org/surefire/maven-surefire-plugin/xsd/surefire-test-report.xsd" name="TestSuite" time="97.176" tests="7" errors="0" skipped="0" failures="2">
  <properties>
    <property name="sun.desktop" value="windows"/>
    <property name="awt.toolkit" value="sun.awt.windows.WToolkit"/>
    <property name="java.specification.version" value="11"/>
    <property name="sun.cpu.isalist" value="amd64"/>
    <property name="sun.jnu.encoding" value="Cp1252"/>
    <property name="java.class.path" value="C:\Users\speriy\Downloads\eclipse-jee-2018-12-R-win32-x86_64\eclipse\plugins\org.eclipse.m2e.maven.runtime_1.10.0.20181127-2120\jars\plexus-classworlds-2.5.2.jar"/>
    <property name="java.vm.vendor" value="Oracle Corporation"/>
    <property name="sun.arch.data.model" value="64"/>
    <property name="user.variant" value=""/>
    <property name="java.vendor.url" value="http://java.oracle.com/"/>
    <property name="user.timezone" value="Europe/Berlin"/>
    <property name="os.name" value="Windows 10"/>
    <property name="java.vm.specification.version" value="11"/>
    <property name="sun.java.launcher" value="SUN_STANDARD"/>
    <property name="user.country" value="US"/>
    <property name="sun.boot.library.path" value="C:\Program Files\Java\jdk-11.0.3_windows-x64_bin\jdk-11.0.3\bin"/>
    <property name="sun.java.command" value="org.codehaus.plexus.classworlds.launcher.Launcher -B test"/>
    <property name="jdk.debug" value="release"/>
    <property name="maven.home" value="C:\Users\speriy\eclipse-workspace\SumoWeb-TestAutomation\EMBEDDED"/>
    <property name="sun.cpu.endian" value="little"/>
    <property name="user.home" value="C:\Users\speriy"/>
    <property name="user.language" value="en"/>
    <property name="java.specification.vendor" value="Oracle Corporation"/>
    <property name="java.version.date" value="2019-04-16"/>
    <property name="java.home" value="C:\Program Files\Java\jdk-11.0.3_windows-x64_bin\jdk-11.0.3"/>
    <property name="file.separator" value="\"/>
    <property name="java.vm.compressedOopsMode" value="32-bit"/>
    <property name="line.separator" value="&#10;"/>
    <property name="java.specification.name" value="Java Platform API Specification"/>
    <property name="java.vm.specification.vendor" value="Oracle Corporation"/>
    <property name="java.awt.graphicsenv" value="sun.awt.Win32GraphicsEnvironment"/>
    <property name="user.script" value=""/>
    <property name="sun.management.compiler" value="HotSpot 64-Bit Tiered Compilers"/>
    <property name="java.runtime.version" value="11.0.3+12-LTS"/>
    <property name="user.name" value="speriy"/>
    <property name="path.separator" value=";"/>
    <property name="os.version" value="10.0"/>
    <property name="java.runtime.name" value="Java(TM) SE Runtime Environment"/>
    <property name="file.encoding" value="Cp1252"/>
    <property name="guice.disable.misplaced.annotation.check" value="true"/>
    <property name="java.vm.name" value="Java HotSpot(TM) 64-Bit Server VM"/>
    <property name="java.vendor.version" value="18.9"/>
    <property name="java.vendor.url.bug" value="http://bugreport.java.com/bugreport/"/>
    <property name="java.io.tmpdir" value="C:\Users\speriy\AppData\Local\Temp\"/>
    <property name="java.version" value="11.0.3"/>
    <property name="user.dir" value="C:\Users\speriy\eclipse-workspace\SumoWeb-TestAutomation"/>
    <property name="os.arch" value="amd64"/>
    <property name="maven.multiModuleProjectDirectory" value="C:\Users\speriy\eclipse-workspace\SumoWeb-TestAutomation"/>
    <property name="java.vm.specification.name" value="Java Virtual Machine Specification"/>
    <property name="java.awt.printerjob" value="sun.awt.windows.WPrinterJob"/>
    <property name="sun.os.patch.level" value=""/>
    <property name="java.library.path" value="C:\Program Files\Java\jdk-11.0.3_windows-x64_bin\jdk-11.0.3\bin;C:\WINDOWS\Sun\Java\bin;C:\WINDOWS\system32;C:\WINDOWS;C:/Program Files/Java/jre1.8.0_231/bin/server;C:/Program Files/Java/jre1.8.0_231/bin;C:/Program Files/Java/jre1.8.0_231/lib/amd64;C:\Program Files (x86)\Common Files\Oracle\Java\javapath;C:\Program Files\Java\jdk1.8.0_221\bin;C:\Files needed for Testing Automation\Allure\allure-2.13.0\bin;C:\Files needed for Testing Automation\apache-maven-3.6.1-bin\apache-maven-3.6.1\bin;C:\Users\speriy\AppData\Local\Microsoft\WindowsApps;C:\Program Files\Git\bin;C:\Files needed for Testing Automation\Jenkins;C:\Users\speriy\AppData\Local\Android\Sdk\platform-tools;C:\Users\speriy\AppData\Local\Android\Sdk\tools;C:\Users\speriy\AppData\Local\Android\Sdk\tools\bin;C:\Users\speriy\AppData\Local\GitHubDesktop\bin;C:\Files needed for Testing Automation\Allure\allure-2.13.0\bin;;C:\Users\speriy\Downloads\eclipse-jee-2018-12-R-win32-x86_64\eclipse;;."/>
    <property name="java.vendor" value="Oracle Corporation"/>
    <property name="java.vm.info" value="mixed mode"/>
    <property name="java.vm.version" value="11.0.3+12-LTS"/>
    <property name="classworlds.conf" value="C:\Users\speriy\eclipse-workspace\.metadata\.plugins\org.eclipse.m2e.launching\launches\m2conf7295068277407517863.tmp"/>
    <property name="sun.io.unicode.encoding" value="UnicodeLittle"/>
    <property name="java.class.version" value="55.0"/>
  </properties>
  <testcase name="goToPakkerTest" classname="sumo.qa.testcases.NybrukerTest" time="1.538"/>
  <testcase name="LogginnFunction_Test" classname="sumo.qa.testcases.FrontpageTest" time="5.142"/>
  <testcase name="GlemtPassordLink_Click_Test" classname="sumo.qa.testcases.FrontpageTest" time="1.139">
    <failure message="Glemt Passordlink is not working expected [F책 passord123] but found [F책 passord]" type="java.lang.AssertionError">java.lang.AssertionError: Glemt Passordlink is not working expected [F책 passord123] but found [F책 passord]
	at sumo.qa.testcases.FrontpageTest.GlemtPassordLink_Click_Test(FrontpageTest.java:100)
</failure>
    <system-out><![CDATA[Credentials saved to C:\Users\speriy\.credentials
Credentials saved to C:\Users\speriy\.credentials
I am in onTestStart method GlemtPassordLink_Click_Test start
I am in onTestFailure method GlemtPassordLink_Click_Test failed
Screenshot captured for test case:GlemtPassordLink_Click_Test
]]></system-out>
    <system-err><![CDATA[Starting ChromeDriver 78.0.3904.105 (60e2d8774a8151efa6a00b1f358371b1e0e07ee2-refs/branch-heads/3904@{#877}) on port 38047
Only local connections are allowed.
Please protect ports used by ChromeDriver and related test frameworks to prevent access by malicious code.
Dec 10, 2019 4:22:27 PM org.openqa.selenium.remote.ProtocolHandshake createSession
INFO: Detected dialect: W3C
]]></system-err>
  </testcase>
  <testcase name="NyBruker_FaatilgangNaaLink_Test" classname="sumo.qa.testcases.FrontpageTest" time="0.658"/>
  <testcase name="logginnBtn_Click_Test" classname="sumo.qa.testcases.FrontpageTest" time="0.184"/>
  <testcase name="LogginnAvbrytBtn_Click_Test" classname="sumo.qa.testcases.FrontpageTest" time="0.338"/>
  <testcase name="SumoLogo_Click_Test" classname="sumo.qa.testcases.FrontpageTest" time="1.769">
    <failure message="stale element reference: element is not attached to the page document&#10;  (Session info: chrome=78.0.3904.108)&#10;For documentation on this error, please visit: https://www.seleniumhq.org/exceptions/stale_element_reference.html&#10;Build info: version: &apos;3.141.59&apos;, revision: &apos;e82be7d358&apos;, time: &apos;2018-11-14T08:17:03&apos;&#10;System info: host: &apos;PC7425&apos;, ip: &apos;10.53.22.174&apos;, os.name: &apos;Windows 10&apos;, os.arch: &apos;amd64&apos;, os.version: &apos;10.0&apos;, java.version: &apos;11.0.3&apos;&#10;Driver info: org.openqa.selenium.chrome.ChromeDriver&#10;Capabilities {acceptInsecureCerts: false, browserName: chrome, browserVersion: 78.0.3904.108, chrome: {chromedriverVersion: 78.0.3904.105 (60e2d8774a81..., userDataDir: C:\Users\speriy\AppData\Loc...}, goog:chromeOptions: {debuggerAddress: localhost:54795}, javascriptEnabled: true, networkConnectionEnabled: false, pageLoadStrategy: normal, platform: XP, platformName: XP, proxy: Proxy(), setWindowRect: true, strictFileInteractability: false, timeouts: {implicit: 0, pageLoad: 300000, script: 30000}, unhandledPromptBehavior: dismiss and notify}&#10;Session ID: 1e9280e6af8b86ea9b8f9962065cd264" type="org.openqa.selenium.StaleElementReferenceException">org.openqa.selenium.StaleElementReferenceException: 
stale element reference: element is not attached to the page document
  (Session info: chrome=78.0.3904.108)
For documentation on this error, please visit: https://www.seleniumhq.org/exceptions/stale_element_reference.html
Build info: version: '3.141.59', revision: 'e82be7d358', time: '2018-11-14T08:17:03'
System info: host: 'PC7425', ip: '10.53.22.174', os.name: 'Windows 10', os.arch: 'amd64', os.version: '10.0', java.version: '11.0.3'
Driver info: org.openqa.selenium.chrome.ChromeDriver
Capabilities {acceptInsecureCerts: false, browserName: chrome, browserVersion: 78.0.3904.108, chrome: {chromedriverVersion: 78.0.3904.105 (60e2d8774a81..., userDataDir: C:\Users\speriy\AppData\Loc...}, goog:chromeOptions: {debuggerAddress: localhost:54795}, javascriptEnabled: true, networkConnectionEnabled: false, pageLoadStrategy: normal, platform: XP, platformName: XP, proxy: Proxy(), setWindowRect: true, strictFileInteractability: false, timeouts: {implicit: 0, pageLoad: 300000, script: 30000}, unhandledPromptBehavior: dismiss and notify}
Session ID: 1e9280e6af8b86ea9b8f9962065cd264
	at sumo.qa.testcases.FrontpageTest.SumoLogo_Click_Test(FrontpageTest.java:163)
</failure>
    <system-out><![CDATA[Credentials saved to C:\Users\speriy\.credentials
Credentials saved to C:\Users\speriy\.credentials
I am in onTestStart method SumoLogo_Click_Test start
I am in onTestFailure method SumoLogo_Click_Test failed
Screenshot captured for test case:SumoLogo_Click_Test
]]></system-out>
    <system-err><![CDATA[Starting ChromeDriver 78.0.3904.105 (60e2d8774a8151efa6a00b1f358371b1e0e07ee2-refs/branch-heads/3904@{#877}) on port 33502
Only local connections are allowed.
Please protect ports used by ChromeDriver and related test frameworks to prevent access by malicious code.
Dec 10, 2019 4:23:06 PM org.openqa.selenium.remote.ProtocolHandshake createSession
INFO: Detected dialect: W3C
]]></system-err>
  </testcase>
</testsuite>